\BOOKMARK [0][-]{chapter.1}{\376\377\006\176\006\047\006\063\006\056\000\040\006\063\006\110\006\047\006\104\006\047\006\052\000\040\006\063\006\061\006\314\000\040\006\047\006\110\006\104}{}% 1
\BOOKMARK [1][-]{section.1.1}{\376\377\000\040\006\176\006\047\006\063\006\056\000\040\006\063\006\110\006\047\006\104\000\040\0001}{chapter.1}% 2
\BOOKMARK [2][-]{subsection.1.1.1}{\376\377\006\102\006\063\006\105\006\052\000\040\006\047\006\110\006\104\006\014\000\040\006\050\006\056\006\064\000\040\006\047\006\104\006\101}{section.1.1}% 3
\BOOKMARK [2][-]{subsection.1.1.2}{\376\377\006\102\006\063\006\105\006\052\000\040\006\047\006\110\006\104\006\014\000\040\006\050\006\056\006\064\000\040\006\050}{section.1.1}% 4
\BOOKMARK [2][-]{subsection.1.1.3}{\376\377\006\102\006\063\006\105\006\052\000\040\006\057\006\110\006\105\006\014\000\040\006\050\006\056\006\064\000\040\006\047\006\110\006\104}{section.1.1}% 5
\BOOKMARK [2][-]{subsection.1.1.4}{\376\377\006\102\006\063\006\105\006\052\000\040\006\057\006\110\006\105\006\014\000\040\006\050\006\056\006\064\000\040\006\057\006\110\006\105}{section.1.1}% 6
\BOOKMARK [1][-]{section.1.2}{\376\377\006\176\006\047\006\063\006\056\000\040\006\063\006\110\006\047\006\104\000\040\0002}{chapter.1}% 7
\BOOKMARK [2][-]{subsection.1.2.1}{\376\377\006\176\006\061\006\057\006\107\000\040\006\047\006\110\006\104}{section.1.2}% 8
\BOOKMARK [2][-]{subsection.1.2.2}{\376\377\006\176\006\061\006\057\006\107\000\040\006\057\006\110\006\105}{section.1.2}% 9
\BOOKMARK [2][-]{subsection.1.2.3}{\376\377\006\176\006\061\006\057\006\107\000\040\006\063\006\110\006\105}{section.1.2}% 10
\BOOKMARK [1][-]{section.1.3}{\376\377\006\176\006\047\006\063\006\056\000\040\006\063\006\110\006\047\006\104\000\040\0003\006\014\000\040\006\102\006\063\006\105\006\052\000\040\006\047\006\110\006\104}{chapter.1}% 11
\BOOKMARK [2][-]{subsection.1.3.1}{\376\377\006\050\006\056\006\064\000\040\006\047\006\104\006\101\006\014\000\040\006\057\006\061\006\314\006\047\006\101\006\052\000\040\006\057\006\047\006\057\006\107}{section.1.3}% 12
\BOOKMARK [3][-]{subsubsection.1.3.1.1}{\376\377\0001}{subsection.1.3.1}% 13
\BOOKMARK [3][-]{subsubsection.1.3.1.2}{\376\377\0002}{subsection.1.3.1}% 14
\BOOKMARK [3][-]{subsubsection.1.3.1.3}{\376\377\0003}{subsection.1.3.1}% 15
\BOOKMARK [2][-]{subsection.1.3.2}{\376\377\006\050\006\056\006\064\000\040\006\050\006\014\000\040\006\106\006\105\006\047\006\314\006\064\000\040\006\063\006\314\006\257\006\106\006\047\006\104}{section.1.3}% 16
\BOOKMARK [2][-]{subsection.1.3.3}{\376\377\006\050\006\056\006\064\000\040\006\054\006\014\000\040\006\052\006\055\006\104\006\314\006\104\000\040\006\101\006\061\006\251\006\047\006\106\006\063\006\314}{section.1.3}% 17
\BOOKMARK [2][-]{subsection.1.3.4}{\376\377\006\050\006\056\006\064\000\040\006\057\000\040\006\110\000\040\006\107\006\014\000\040\006\052\006\102\006\063\006\314\006\105\000\040\006\050\006\106\006\057\006\314\000\040\006\063\006\314\006\257\006\106\006\047\006\104}{section.1.3}% 18
\BOOKMARK [2][-]{subsection.1.3.5}{\376\377\006\050\006\056\006\064\000\040\006\110\006\014\000\040\006\047\006\063\006\052\006\056\006\061\006\047\006\054\000\040\006\110\006\314\006\230\006\257\006\314}{section.1.3}% 19
\BOOKMARK [1][-]{section.1.4}{\376\377\006\176\006\047\006\063\006\056\000\040\006\063\006\110\006\047\006\104\000\040\006\063\006\110\006\105\006\014\000\040\006\102\006\063\006\105\006\052\000\040\006\057\006\110\006\105}{chapter.1}% 20
\BOOKMARK [2][-]{subsection.1.4.1}{\376\377\006\050\006\056\006\064\000\040\006\047\006\110\006\104\006\014\000\040\006\050\006\061\006\061\006\063\006\314\000\040\006\047\006\110\006\104\006\314\006\107}{section.1.4}% 21
\BOOKMARK [2][-]{subsection.1.4.2}{\376\377\006\052\006\055\006\104\006\314\006\104\000\040\006\050\006\065\006\061\006\314\000\040\006\057\006\047\006\057\006\107}{section.1.4}% 22
\BOOKMARK [2][-]{subsection.1.4.3}{\376\377\006\257\006\063\006\063\006\052\006\107\000\040\006\063\006\047\006\062\006\314}{section.1.4}% 23
\BOOKMARK [2][-]{subsection.1.4.4}{\376\377\006\052\006\055\006\104\006\314\006\104\000\040\006\042\006\105\006\047\006\061\006\314}{section.1.4}% 24
